0 info it worked if it ends with ok
1 verbose cli [ '/usr/bin/node', '/usr/bin/npm', 'run', 'build-wasm' ]
2 info using npm@3.5.2
3 info using node@v8.10.0
4 verbose run-script [ 'prebuild-wasm', 'build-wasm', 'postbuild-wasm' ]
5 info lifecycle heatmap_wasm_lib@1.0.0~prebuild-wasm: heatmap_wasm_lib@1.0.0
6 silly lifecycle heatmap_wasm_lib@1.0.0~prebuild-wasm: no script for prebuild-wasm, continuing
7 info lifecycle heatmap_wasm_lib@1.0.0~build-wasm: heatmap_wasm_lib@1.0.0
8 verbose lifecycle heatmap_wasm_lib@1.0.0~build-wasm: unsafe-perm in lifecycle true
9 verbose lifecycle heatmap_wasm_lib@1.0.0~build-wasm: PATH: /usr/share/npm/bin/node-gyp-bin:/home/cat/Documents/Projects/heatmap_wasm_lib/node_modules/.bin:/home/cat/.cargo/bin:/home/cat/.local/bin:/usr/local/sbin:/usr/local/bin:/usr/sbin:/usr/bin:/sbin:/bin:/usr/games:/usr/local/games
10 verbose lifecycle heatmap_wasm_lib@1.0.0~build-wasm: CWD: /home/cat/Documents/Projects/heatmap_wasm_lib
11 silly lifecycle heatmap_wasm_lib@1.0.0~build-wasm: Args: [ '-c', 'cargo build --target wasm32-unknown-unknown' ]
12 silly lifecycle heatmap_wasm_lib@1.0.0~build-wasm: Returned: code: 101  signal: null
13 info lifecycle heatmap_wasm_lib@1.0.0~build-wasm: Failed to exec build-wasm script
14 verbose stack Error: heatmap_wasm_lib@1.0.0 build-wasm: `cargo build --target wasm32-unknown-unknown`
14 verbose stack Exit status 101
14 verbose stack     at EventEmitter.<anonymous> (/usr/share/npm/lib/utils/lifecycle.js:232:16)
14 verbose stack     at emitTwo (events.js:126:13)
14 verbose stack     at EventEmitter.emit (events.js:214:7)
14 verbose stack     at ChildProcess.<anonymous> (/usr/share/npm/lib/utils/spawn.js:24:14)
14 verbose stack     at emitTwo (events.js:126:13)
14 verbose stack     at ChildProcess.emit (events.js:214:7)
14 verbose stack     at maybeClose (internal/child_process.js:925:16)
14 verbose stack     at Process.ChildProcess._handle.onexit (internal/child_process.js:209:5)
15 verbose pkgid heatmap_wasm_lib@1.0.0
16 verbose cwd /home/cat/Documents/Projects/heatmap_wasm_lib
17 error Linux 4.15.0-64-generic
18 error argv "/usr/bin/node" "/usr/bin/npm" "run" "build-wasm"
19 error node v8.10.0
20 error npm  v3.5.2
21 error code ELIFECYCLE
22 error heatmap_wasm_lib@1.0.0 build-wasm: `cargo build --target wasm32-unknown-unknown`
22 error Exit status 101
23 error Failed at the heatmap_wasm_lib@1.0.0 build-wasm script 'cargo build --target wasm32-unknown-unknown'.
23 error Make sure you have the latest version of node.js and npm installed.
23 error If you do, this is most likely a problem with the heatmap_wasm_lib package,
23 error not with npm itself.
23 error Tell the author that this fails on your system:
23 error     cargo build --target wasm32-unknown-unknown
23 error You can get information on how to open an issue for this project with:
23 error     npm bugs heatmap_wasm_lib
23 error Or if that isn't available, you can get their info via:
23 error     npm owner ls heatmap_wasm_lib
23 error There is likely additional logging output above.
24 verbose exit [ 1, true ]
